Using pre-set license
Built from '2020.3/staging' branch; Version is '2020.3.0f1 (c7b5465681fb) revision 13088070'; Using compiler version '192528614'; Build Type 'Release'
OS: 'Windows 10 Home; OS build 18363.1440; Version 1909; 64bit' Language: 'en' Physical Memory: 8141 MB
BatchMode: 1, IsHumanControllingUs: 0, StartBugReporterOnCrash: 0, Is64bit: 1, IsPro: 0

 COMMAND LINE ARGUMENTS:
C:\Program Files\Unity\Hub\Editor\2020.3.0f1\Editor\Unity.exe
-adb2
-batchMode
-noUpm
-name
AssetImportWorker0
-projectPath
C:/Users/Kaitl/OneDrive/Documents/HackRealityUnity/HackReality2021Unity
-logFile
Logs/AssetImportWorker0.log
-srvPort
50097
Successfully changed project path to: C:/Users/Kaitl/OneDrive/Documents/HackRealityUnity/HackReality2021Unity
C:/Users/Kaitl/OneDrive/Documents/HackRealityUnity/HackReality2021Unity
Using Asset Import Pipeline V2.
Refreshing native plugins compatible for Editor in 421.87 ms, found 9 plugins.
Preloading 2 native plugins for Editor in 16.79 ms.
Initialize engine version: 2020.3.0f1 (c7b5465681fb)
[Subsystems] Discovering subsystems at path C:/Program Files/Unity/Hub/Editor/2020.3.0f1/Editor/Data/Resources/UnitySubsystems
[Subsystems] Discovering subsystems at path C:/Users/Kaitl/OneDrive/Documents/HackRealityUnity/HackReality2021Unity/Assets
GfxDevice: creating device client; threaded=0
Direct3D:
    Version:  Direct3D 11.0 [level 11.1]
    Renderer: NVIDIA GeForce GTX 1660 Ti (ID=0x2182)
    Vendor:   
    VRAM:     5991 MB
    Driver:   27.21.14.6172
Initialize mono
Mono path[0] = 'C:/Program Files/Unity/Hub/Editor/2020.3.0f1/Editor/Data/Managed'
Mono path[1] = 'C:/Program Files/Unity/Hub/Editor/2020.3.0f1/Editor/Data/MonoBleedingEdge/lib/mono/unityjit'
Mono config path = 'C:/Program Files/Unity/Hub/Editor/2020.3.0f1/Editor/Data/MonoBleedingEdge/etc'
Using monoOptions --debugger-agent=transport=dt_socket,embedding=1,server=y,suspend=n,address=127.0.0.1:56424
Begin MonoManager ReloadAssembly
Registering precompiled unity dll's ...
Register platform support module: C:/Program Files/Unity/Hub/Editor/2020.3.0f1/Editor/Data/PlaybackEngines/WindowsStandaloneSupport/UnityEditor.WindowsStandalone.Extensions.dll
Registered in 0.001400 seconds.
Native extension for WindowsStandalone target not found
Refreshing native plugins compatible for Editor in 31.51 ms, found 9 plugins.
Preloading 2 native plugins for Editor in 0.14 ms.
Invoked RoslynAnalysisRunner static constructor.
RoslynAnalysisRunner will not be running.
RoslynAnalysisRunner has terminated.
Mono: successfully reloaded assembly
- Completed reload, in  0.837 seconds
Platform modules already initialized, skipping
Registering precompiled user dll's ...
Registered in 0.138920 seconds.
Begin MonoManager ReloadAssembly
Native extension for WindowsStandalone target not found
Refreshing native plugins compatible for Editor in 32.46 ms, found 9 plugins.
Preloading 2 native plugins for Editor in 0.14 ms.
Invoked RoslynAnalysisRunner static constructor.
RoslynAnalysisRunner will not be running.
RoslynAnalysisRunner has terminated.
[XR] OculusXRPlugin: registering subsystems
[XR] Unable to register display lifecyle provider: [1]
[XR] Oculus Input lifecycle provider registered.
[XR] Unable to register input lifecyle provider: [1]
NullReferenceException: Object reference not set to an instance of an object
  at Unity.XR.Oculus.OculusLoader.AssetPathToAbsolutePath (System.String assetPath) [0x00048] in C:\Users\Kaitl\OneDrive\Documents\HackRealityUnity\HackReality2021Unity\Library\PackageCache\com.unity.xr.oculus@1.8.1\Runtime\OculusLoader.cs:243 
  at Unity.XR.Oculus.OculusLoader.EditorLoadOVRPlugin () [0x0007b] in C:\Users\Kaitl\OneDrive\Documents\HackRealityUnity\HackReality2021Unity\Library\PackageCache\com.unity.xr.oculus@1.8.1\Runtime\OculusLoader.cs:228 

(Filename: Library/PackageCache/com.unity.xr.oculus@1.8.1/Runtime/OculusLoader.cs Line: 243)

Mono: successfully reloaded assembly
- Completed reload, in  0.846 seconds
Platform modules already initialized, skipping
========================================================================
Worker process is ready to serve import requests
Launched and connected shader compiler UnityShaderCompiler.exe after 0.03 seconds
Refreshing native plugins compatible for Editor in 0.60 ms, found 9 plugins.
Preloading 2 native plugins for Editor in 0.14 ms.
Unloading 1809 Unused Serialized files (Serialized files now loaded: 0)
System memory in use before: 80.8 MB.
System memory in use after: 80.8 MB.

Unloading 14 unused Assets to reduce memory usage. Loaded Objects now: 2256.
Total: 2.017300 ms (FindLiveObjects: 0.266700 ms CreateObjectMapping: 0.051600 ms MarkObjects: 1.626700 ms  DeleteObjects: 0.071300 ms)

========================================================================
Received Import Request.
  path: Assets/DrumScript.cs
  artifactKey: Guid(7a56052fed68bc948ab9fc9fc94105bf) Importer(815301076,1909f56bfc062723c751e8b465ee728b)
Start importing Assets/DrumScript.cs using Guid(7a56052fed68bc948ab9fc9fc94105bf) Importer(815301076,1909f56bfc062723c751e8b465ee728b)  -> (artifact id: '7e3b376492ca62472ed8a4f6b7376c5a') in 0.023286 seconds
  Import took 0.028342 seconds .

========================================================================
Received Prepare
Registering precompiled user dll's ...
Registered in 0.006369 seconds.
Begin MonoManager ReloadAssembly
Native extension for WindowsStandalone target not found
Refreshing native plugins compatible for Editor in 0.57 ms, found 9 plugins.
Preloading 2 native plugins for Editor in 0.15 ms.
Invoked RoslynAnalysisRunner static constructor.
RoslynAnalysisRunner will not be running.
RoslynAnalysisRunner has terminated.
NullReferenceException: Object reference not set to an instance of an object
  at Unity.XR.Oculus.OculusLoader.AssetPathToAbsolutePath (System.String assetPath) [0x00048] in C:\Users\Kaitl\OneDrive\Documents\HackRealityUnity\HackReality2021Unity\Library\PackageCache\com.unity.xr.oculus@1.8.1\Runtime\OculusLoader.cs:243 
  at Unity.XR.Oculus.OculusLoader.EditorLoadOVRPlugin () [0x0007b] in C:\Users\Kaitl\OneDrive\Documents\HackRealityUnity\HackReality2021Unity\Library\PackageCache\com.unity.xr.oculus@1.8.1\Runtime\OculusLoader.cs:228 

(Filename: Library/PackageCache/com.unity.xr.oculus@1.8.1/Runtime/OculusLoader.cs Line: 243)

Mono: successfully reloaded assembly
- Completed reload, in  0.724 seconds
Platform modules already initialized, skipping
Refreshing native plugins compatible for Editor in 0.89 ms, found 9 plugins.
Preloading 2 native plugins for Editor in 0.20 ms.
Unloading 1773 Unused Serialized files (Serialized files now loaded: 0)
System memory in use before: 80.1 MB.
System memory in use after: 80.1 MB.

Unloading 7 unused Assets to reduce memory usage. Loaded Objects now: 2260.
Total: 2.145100 ms (FindLiveObjects: 0.224500 ms CreateObjectMapping: 0.042900 ms MarkObjects: 1.826500 ms  DeleteObjects: 0.049700 ms)

========================================================================
Received Prepare
Registering precompiled user dll's ...
Registered in 0.005292 seconds.
Begin MonoManager ReloadAssembly
Native extension for WindowsStandalone target not found
Refreshing native plugins compatible for Editor in 0.56 ms, found 9 plugins.
Preloading 2 native plugins for Editor in 0.14 ms.
Invoked RoslynAnalysisRunner static constructor.
RoslynAnalysisRunner will not be running.
RoslynAnalysisRunner has terminated.
NullReferenceException: Object reference not set to an instance of an object
  at Unity.XR.Oculus.OculusLoader.AssetPathToAbsolutePath (System.String assetPath) [0x00048] in C:\Users\Kaitl\OneDrive\Documents\HackRealityUnity\HackReality2021Unity\Library\PackageCache\com.unity.xr.oculus@1.8.1\Runtime\OculusLoader.cs:243 
  at Unity.XR.Oculus.OculusLoader.EditorLoadOVRPlugin () [0x0007b] in C:\Users\Kaitl\OneDrive\Documents\HackRealityUnity\HackReality2021Unity\Library\PackageCache\com.unity.xr.oculus@1.8.1\Runtime\OculusLoader.cs:228 

(Filename: Library/PackageCache/com.unity.xr.oculus@1.8.1/Runtime/OculusLoader.cs Line: 243)

Mono: successfully reloaded assembly
- Completed reload, in  0.760 seconds
Platform modules already initialized, skipping
Refreshing native plugins compatible for Editor in 0.61 ms, found 9 plugins.
Preloading 2 native plugins for Editor in 0.15 ms.
Unloading 1773 Unused Serialized files (Serialized files now loaded: 0)
System memory in use before: 80.1 MB.
System memory in use after: 80.2 MB.

Unloading 7 unused Assets to reduce memory usage. Loaded Objects now: 2264.
Total: 2.071300 ms (FindLiveObjects: 0.265300 ms CreateObjectMapping: 0.042800 ms MarkObjects: 1.701600 ms  DeleteObjects: 0.059700 ms)

========================================================================
Received Import Request.
  Time since last request: 310.203404 seconds.
  path: Assets/Audio
  artifactKey: Guid(26b022642e51ec040b7dfff10bd88ed5) Importer(815301076,1909f56bfc062723c751e8b465ee728b)
Start importing Assets/Audio using Guid(26b022642e51ec040b7dfff10bd88ed5) Importer(815301076,1909f56bfc062723c751e8b465ee728b)  -> (artifact id: '06631145e178813091d8817c508e59b2') in 0.010325 seconds
  Import took 0.015560 seconds .

========================================================================
Received Import Request.
  Time since last request: 9.823866 seconds.
  path: Assets/Audio/Hand-Drum.wav
  artifactKey: Guid(f09ef3a79e1a0a14c9038493dec56e1b) Importer(815301076,1909f56bfc062723c751e8b465ee728b)
Start importing Assets/Audio/Hand-Drum.wav using Guid(f09ef3a79e1a0a14c9038493dec56e1b) Importer(815301076,1909f56bfc062723c751e8b465ee728b)  -> (artifact id: '7f108ad66afce66e59c42e4914f5cac2') in 0.082659 seconds
  Import took 0.087343 seconds .

========================================================================
Received Import Request.
  Time since last request: 199.966398 seconds.
  path: Assets/Drumming Objects/Drums/Right Drum.prefab
  artifactKey: Guid(2782baa03d1ea7242a48f56cc584aa94) Importer(815301076,1909f56bfc062723c751e8b465ee728b)
Start importing Assets/Drumming Objects/Drums/Right Drum.prefab using Guid(2782baa03d1ea7242a48f56cc584aa94) Importer(815301076,1909f56bfc062723c751e8b465ee728b)  -> (artifact id: '90a82f50d55486127dfe27a2f1ee264e') in 0.035861 seconds
  Import took 0.041505 seconds .

========================================================================
Received Import Request.
  Time since last request: 87.601115 seconds.
  path: Assets/Drumming Objects/Drums/Right Drum.prefab
  artifactKey: Guid(2782baa03d1ea7242a48f56cc584aa94) Importer(815301076,1909f56bfc062723c751e8b465ee728b)
Start importing Assets/Drumming Objects/Drums/Right Drum.prefab using Guid(2782baa03d1ea7242a48f56cc584aa94) Importer(815301076,1909f56bfc062723c751e8b465ee728b)  -> (artifact id: '5876e0681a21f21dd42aa76b9166448a') in 0.012240 seconds
  Import took 0.017478 seconds .

========================================================================
Received Import Request.
  Time since last request: 0.000404 seconds.
  path: Assets/Drumming Objects/Drums/Right Drum.prefab
  artifactKey: Guid(2782baa03d1ea7242a48f56cc584aa94) Importer(815301076,1909f56bfc062723c751e8b465ee728b)
Start importing Assets/Drumming Objects/Drums/Right Drum.prefab using Guid(2782baa03d1ea7242a48f56cc584aa94) Importer(815301076,1909f56bfc062723c751e8b465ee728b)  -> (artifact id: '5876e0681a21f21dd42aa76b9166448a') in 0.011603 seconds
  Import took 0.016629 seconds .

========================================================================
Received Import Request.
  Time since last request: 6.440141 seconds.
  path: Assets/Drumming Objects/Drums/Right Drum.prefab
  artifactKey: Guid(2782baa03d1ea7242a48f56cc584aa94) Importer(815301076,1909f56bfc062723c751e8b465ee728b)
Start importing Assets/Drumming Objects/Drums/Right Drum.prefab using Guid(2782baa03d1ea7242a48f56cc584aa94) Importer(815301076,1909f56bfc062723c751e8b465ee728b)  -> (artifact id: '7b038b20b6f2cce7e41bed98234b12bd') in 0.010535 seconds
  Import took 0.015197 seconds .

========================================================================
Received Prepare
Registering precompiled user dll's ...
Registered in 0.006048 seconds.
Begin MonoManager ReloadAssembly
Native extension for WindowsStandalone target not found
Refreshing native plugins compatible for Editor in 0.69 ms, found 9 plugins.
Preloading 2 native plugins for Editor in 0.16 ms.
Invoked RoslynAnalysisRunner static constructor.
RoslynAnalysisRunner will not be running.
RoslynAnalysisRunner has terminated.
NullReferenceException: Object reference not set to an instance of an object
  at Unity.XR.Oculus.OculusLoader.AssetPathToAbsolutePath (System.String assetPath) [0x00048] in C:\Users\Kaitl\OneDrive\Documents\HackRealityUnity\HackReality2021Unity\Library\PackageCache\com.unity.xr.oculus@1.8.1\Runtime\OculusLoader.cs:243 
  at Unity.XR.Oculus.OculusLoader.EditorLoadOVRPlugin () [0x0007b] in C:\Users\Kaitl\OneDrive\Documents\HackRealityUnity\HackReality2021Unity\Library\PackageCache\com.unity.xr.oculus@1.8.1\Runtime\OculusLoader.cs:228 

(Filename: Library/PackageCache/com.unity.xr.oculus@1.8.1/Runtime/OculusLoader.cs Line: 243)

Mono: successfully reloaded assembly
- Completed reload, in  0.794 seconds
Platform modules already initialized, skipping
Refreshing native plugins compatible for Editor in 0.57 ms, found 9 plugins.
Preloading 2 native plugins for Editor in 0.13 ms.
Unloading 1773 Unused Serialized files (Serialized files now loaded: 0)
System memory in use before: 83.3 MB.
System memory in use after: 83.4 MB.

Unloading 7 unused Assets to reduce memory usage. Loaded Objects now: 2277.
Total: 1.869300 ms (FindLiveObjects: 0.191900 ms CreateObjectMapping: 0.041100 ms MarkObjects: 1.582500 ms  DeleteObjects: 0.052700 ms)

========================================================================
Received Import Request.
  Time since last request: 91.217991 seconds.
  path: Assets/Drumming Objects/Drums/Right Drum.prefab
  artifactKey: Guid(2782baa03d1ea7242a48f56cc584aa94) Importer(815301076,1909f56bfc062723c751e8b465ee728b)
Start importing Assets/Drumming Objects/Drums/Right Drum.prefab using Guid(2782baa03d1ea7242a48f56cc584aa94) Importer(815301076,1909f56bfc062723c751e8b465ee728b)  -> (artifact id: '06016853ac6df5f746e7b8bc5faa0320') in 0.051566 seconds
  Import took 0.056463 seconds .

========================================================================
Received Import Request.
  Time since last request: 2.249242 seconds.
  path: Assets/Drumming Objects/Drums/Right Drum.prefab
  artifactKey: Guid(2782baa03d1ea7242a48f56cc584aa94) Importer(815301076,1909f56bfc062723c751e8b465ee728b)
Start importing Assets/Drumming Objects/Drums/Right Drum.prefab using Guid(2782baa03d1ea7242a48f56cc584aa94) Importer(815301076,1909f56bfc062723c751e8b465ee728b)  -> (artifact id: 'ef6b5a82e7992d8f453b33aa056d4940') in 0.011554 seconds
  Import took 0.016647 seconds .

========================================================================
Received Prepare
Registering precompiled user dll's ...
Registered in 0.007563 seconds.
Begin MonoManager ReloadAssembly
Native extension for WindowsStandalone target not found
Refreshing native plugins compatible for Editor in 0.64 ms, found 9 plugins.
Preloading 2 native plugins for Editor in 0.18 ms.
Invoked RoslynAnalysisRunner static constructor.
RoslynAnalysisRunner will not be running.
RoslynAnalysisRunner has terminated.
NullReferenceException: Object reference not set to an instance of an object
  at Unity.XR.Oculus.OculusLoader.AssetPathToAbsolutePath (System.String assetPath) [0x00048] in C:\Users\Kaitl\OneDrive\Documents\HackRealityUnity\HackReality2021Unity\Library\PackageCache\com.unity.xr.oculus@1.8.1\Runtime\OculusLoader.cs:243 
  at Unity.XR.Oculus.OculusLoader.EditorLoadOVRPlugin () [0x0007b] in C:\Users\Kaitl\OneDrive\Documents\HackRealityUnity\HackReality2021Unity\Library\PackageCache\com.unity.xr.oculus@1.8.1\Runtime\OculusLoader.cs:228 

(Filename: Library/PackageCache/com.unity.xr.oculus@1.8.1/Runtime/OculusLoader.cs Line: 243)

Mono: successfully reloaded assembly
- Completed reload, in  0.740 seconds
Platform modules already initialized, skipping
Refreshing native plugins compatible for Editor in 0.59 ms, found 9 plugins.
Preloading 2 native plugins for Editor in 0.13 ms.
Unloading 1773 Unused Serialized files (Serialized files now loaded: 0)
System memory in use before: 83.3 MB.
System memory in use after: 83.4 MB.

Unloading 7 unused Assets to reduce memory usage. Loaded Objects now: 2282.
Total: 1.779500 ms (FindLiveObjects: 0.188000 ms CreateObjectMapping: 0.041300 ms MarkObjects: 1.505900 ms  DeleteObjects: 0.043400 ms)

========================================================================
Received Import Request.
  Time since last request: 152.263669 seconds.
  path: Assets/Drumming Objects/Drums/Right Drum.prefab
  artifactKey: Guid(2782baa03d1ea7242a48f56cc584aa94) Importer(815301076,1909f56bfc062723c751e8b465ee728b)
Start importing Assets/Drumming Objects/Drums/Right Drum.prefab using Guid(2782baa03d1ea7242a48f56cc584aa94) Importer(815301076,1909f56bfc062723c751e8b465ee728b)  -> (artifact id: 'b999a43dcf0ad9aedf1d0673367d3c51') in 0.046101 seconds
  Import took 0.050882 seconds .

========================================================================
Received Prepare
Registering precompiled user dll's ...
Registered in 0.007213 seconds.
Begin MonoManager ReloadAssembly
Native extension for WindowsStandalone target not found
Refreshing native plugins compatible for Editor in 0.57 ms, found 9 plugins.
Preloading 2 native plugins for Editor in 0.19 ms.
Invoked RoslynAnalysisRunner static constructor.
RoslynAnalysisRunner will not be running.
RoslynAnalysisRunner has terminated.
NullReferenceException: Object reference not set to an instance of an object
  at Unity.XR.Oculus.OculusLoader.AssetPathToAbsolutePath (System.String assetPath) [0x00048] in C:\Users\Kaitl\OneDrive\Documents\HackRealityUnity\HackReality2021Unity\Library\PackageCache\com.unity.xr.oculus@1.8.1\Runtime\OculusLoader.cs:243 
  at Unity.XR.Oculus.OculusLoader.EditorLoadOVRPlugin () [0x0007b] in C:\Users\Kaitl\OneDrive\Documents\HackRealityUnity\HackReality2021Unity\Library\PackageCache\com.unity.xr.oculus@1.8.1\Runtime\OculusLoader.cs:228 

(Filename: Library/PackageCache/com.unity.xr.oculus@1.8.1/Runtime/OculusLoader.cs Line: 243)

Mono: successfully reloaded assembly
- Completed reload, in  0.777 seconds
Platform modules already initialized, skipping
Refreshing native plugins compatible for Editor in 0.62 ms, found 9 plugins.
Preloading 2 native plugins for Editor in 0.15 ms.
Unloading 1773 Unused Serialized files (Serialized files now loaded: 0)
System memory in use before: 83.3 MB.
System memory in use after: 83.4 MB.

Unloading 7 unused Assets to reduce memory usage. Loaded Objects now: 2287.
Total: 2.084100 ms (FindLiveObjects: 0.191200 ms CreateObjectMapping: 0.042300 ms MarkObjects: 1.803800 ms  DeleteObjects: 0.045500 ms)

========================================================================
Received Prepare
Registering precompiled user dll's ...
Registered in 0.007683 seconds.
Begin MonoManager ReloadAssembly
Native extension for WindowsStandalone target not found
Refreshing native plugins compatible for Editor in 0.86 ms, found 9 plugins.
Preloading 2 native plugins for Editor in 0.20 ms.
Invoked RoslynAnalysisRunner static constructor.
RoslynAnalysisRunner will not be running.
RoslynAnalysisRunner has terminated.
NullReferenceException: Object reference not set to an instance of an object
  at Unity.XR.Oculus.OculusLoader.AssetPathToAbsolutePath (System.String assetPath) [0x00048] in C:\Users\Kaitl\OneDrive\Documents\HackRealityUnity\HackReality2021Unity\Library\PackageCache\com.unity.xr.oculus@1.8.1\Runtime\OculusLoader.cs:243 
  at Unity.XR.Oculus.OculusLoader.EditorLoadOVRPlugin () [0x0007b] in C:\Users\Kaitl\OneDrive\Documents\HackRealityUnity\HackReality2021Unity\Library\PackageCache\com.unity.xr.oculus@1.8.1\Runtime\OculusLoader.cs:228 

(Filename: Library/PackageCache/com.unity.xr.oculus@1.8.1/Runtime/OculusLoader.cs Line: 243)

Mono: successfully reloaded assembly
- Completed reload, in  0.900 seconds
Platform modules already initialized, skipping
Refreshing native plugins compatible for Editor in 0.84 ms, found 9 plugins.
Preloading 2 native plugins for Editor in 0.15 ms.
Unloading 1773 Unused Serialized files (Serialized files now loaded: 0)
System memory in use before: 83.3 MB.
System memory in use after: 83.4 MB.

Unloading 7 unused Assets to reduce memory usage. Loaded Objects now: 2291.
Total: 2.645700 ms (FindLiveObjects: 0.449700 ms CreateObjectMapping: 0.047600 ms MarkObjects: 2.079900 ms  DeleteObjects: 0.065600 ms)

========================================================================
Received Prepare
Registering precompiled user dll's ...
Registered in 0.005916 seconds.
Begin MonoManager ReloadAssembly
Native extension for WindowsStandalone target not found
Refreshing native plugins compatible for Editor in 0.58 ms, found 9 plugins.
Preloading 2 native plugins for Editor in 0.14 ms.
Invoked RoslynAnalysisRunner static constructor.
RoslynAnalysisRunner will not be running.
RoslynAnalysisRunner has terminated.
NullReferenceException: Object reference not set to an instance of an object
  at Unity.XR.Oculus.OculusLoader.AssetPathToAbsolutePath (System.String assetPath) [0x00048] in C:\Users\Kaitl\OneDrive\Documents\HackRealityUnity\HackReality2021Unity\Library\PackageCache\com.unity.xr.oculus@1.8.1\Runtime\OculusLoader.cs:243 
  at Unity.XR.Oculus.OculusLoader.EditorLoadOVRPlugin () [0x0007b] in C:\Users\Kaitl\OneDrive\Documents\HackRealityUnity\HackReality2021Unity\Library\PackageCache\com.unity.xr.oculus@1.8.1\Runtime\OculusLoader.cs:228 

(Filename: Library/PackageCache/com.unity.xr.oculus@1.8.1/Runtime/OculusLoader.cs Line: 243)

Mono: successfully reloaded assembly
- Completed reload, in  0.797 seconds
Platform modules already initialized, skipping
Refreshing native plugins compatible for Editor in 0.92 ms, found 9 plugins.
Preloading 2 native plugins for Editor in 0.15 ms.
Unloading 1773 Unused Serialized files (Serialized files now loaded: 0)
System memory in use before: 83.4 MB.
System memory in use after: 83.4 MB.

Unloading 7 unused Assets to reduce memory usage. Loaded Objects now: 2295.
Total: 2.283200 ms (FindLiveObjects: 0.351700 ms CreateObjectMapping: 0.049400 ms MarkObjects: 1.821900 ms  DeleteObjects: 0.057900 ms)

========================================================================
Received Prepare
Registering precompiled user dll's ...
Registered in 0.005623 seconds.
Begin MonoManager ReloadAssembly
Native extension for WindowsStandalone target not found
Refreshing native plugins compatible for Editor in 0.68 ms, found 9 plugins.
Preloading 2 native plugins for Editor in 0.18 ms.
Invoked RoslynAnalysisRunner static constructor.
RoslynAnalysisRunner will not be running.
RoslynAnalysisRunner has terminated.
NullReferenceException: Object reference not set to an instance of an object
  at Unity.XR.Oculus.OculusLoader.AssetPathToAbsolutePath (System.String assetPath) [0x00048] in C:\Users\Kaitl\OneDrive\Documents\HackRealityUnity\HackReality2021Unity\Library\PackageCache\com.unity.xr.oculus@1.8.1\Runtime\OculusLoader.cs:243 
  at Unity.XR.Oculus.OculusLoader.EditorLoadOVRPlugin () [0x0007b] in C:\Users\Kaitl\OneDrive\Documents\HackRealityUnity\HackReality2021Unity\Library\PackageCache\com.unity.xr.oculus@1.8.1\Runtime\OculusLoader.cs:228 

(Filename: Library/PackageCache/com.unity.xr.oculus@1.8.1/Runtime/OculusLoader.cs Line: 243)

Mono: successfully reloaded assembly
- Completed reload, in  0.762 seconds
Platform modules already initialized, skipping
Refreshing native plugins compatible for Editor in 0.65 ms, found 9 plugins.
Preloading 2 native plugins for Editor in 0.15 ms.
Unloading 1773 Unused Serialized files (Serialized files now loaded: 0)
System memory in use before: 83.4 MB.
System memory in use after: 83.5 MB.

Unloading 7 unused Assets to reduce memory usage. Loaded Objects now: 2299.
Total: 2.060600 ms (FindLiveObjects: 0.210000 ms CreateObjectMapping: 0.041400 ms MarkObjects: 1.763000 ms  DeleteObjects: 0.045200 ms)

========================================================================
Received Prepare
Registering precompiled user dll's ...
Registered in 0.005410 seconds.
Begin MonoManager ReloadAssembly
Native extension for WindowsStandalone target not found
Refreshing native plugins compatible for Editor in 0.58 ms, found 9 plugins.
Preloading 2 native plugins for Editor in 0.15 ms.
Invoked RoslynAnalysisRunner static constructor.
RoslynAnalysisRunner will not be running.
RoslynAnalysisRunner has terminated.
NullReferenceException: Object reference not set to an instance of an object
  at Unity.XR.Oculus.OculusLoader.AssetPathToAbsolutePath (System.String assetPath) [0x00048] in C:\Users\Kaitl\OneDrive\Documents\HackRealityUnity\HackReality2021Unity\Library\PackageCache\com.unity.xr.oculus@1.8.1\Runtime\OculusLoader.cs:243 
  at Unity.XR.Oculus.OculusLoader.EditorLoadOVRPlugin () [0x0007b] in C:\Users\Kaitl\OneDrive\Documents\HackRealityUnity\HackReality2021Unity\Library\PackageCache\com.unity.xr.oculus@1.8.1\Runtime\OculusLoader.cs:228 

(Filename: Library/PackageCache/com.unity.xr.oculus@1.8.1/Runtime/OculusLoader.cs Line: 243)

Mono: successfully reloaded assembly
- Completed reload, in  0.748 seconds
Platform modules already initialized, skipping
Refreshing native plugins compatible for Editor in 0.57 ms, found 9 plugins.
Preloading 2 native plugins for Editor in 0.15 ms.
Unloading 1773 Unused Serialized files (Serialized files now loaded: 0)
System memory in use before: 83.4 MB.
System memory in use after: 83.5 MB.

Unloading 7 unused Assets to reduce memory usage. Loaded Objects now: 2303.
Total: 2.433700 ms (FindLiveObjects: 0.372000 ms CreateObjectMapping: 0.058500 ms MarkObjects: 1.952700 ms  DeleteObjects: 0.048600 ms)

========================================================================
Received Prepare
Registering precompiled user dll's ...
Registered in 0.006719 seconds.
Begin MonoManager ReloadAssembly
Native extension for WindowsStandalone target not found
Refreshing native plugins compatible for Editor in 0.57 ms, found 9 plugins.
Preloading 2 native plugins for Editor in 0.16 ms.
Invoked RoslynAnalysisRunner static constructor.
RoslynAnalysisRunner will not be running.
RoslynAnalysisRunner has terminated.
NullReferenceException: Object reference not set to an instance of an object
  at Unity.XR.Oculus.OculusLoader.AssetPathToAbsolutePath (System.String assetPath) [0x00048] in C:\Users\Kaitl\OneDrive\Documents\HackRealityUnity\HackReality2021Unity\Library\PackageCache\com.unity.xr.oculus@1.8.1\Runtime\OculusLoader.cs:243 
  at Unity.XR.Oculus.OculusLoader.EditorLoadOVRPlugin () [0x0007b] in C:\Users\Kaitl\OneDrive\Documents\HackRealityUnity\HackReality2021Unity\Library\PackageCache\com.unity.xr.oculus@1.8.1\Runtime\OculusLoader.cs:228 

(Filename: Library/PackageCache/com.unity.xr.oculus@1.8.1/Runtime/OculusLoader.cs Line: 243)

Mono: successfully reloaded assembly
- Completed reload, in  0.774 seconds
Platform modules already initialized, skipping
Refreshing native plugins compatible for Editor in 0.65 ms, found 9 plugins.
Preloading 2 native plugins for Editor in 0.14 ms.
Unloading 1773 Unused Serialized files (Serialized files now loaded: 0)
System memory in use before: 83.4 MB.
System memory in use after: 83.5 MB.

Unloading 7 unused Assets to reduce memory usage. Loaded Objects now: 2307.
Total: 2.006600 ms (FindLiveObjects: 0.264600 ms CreateObjectMapping: 0.043000 ms MarkObjects: 1.654400 ms  DeleteObjects: 0.043300 ms)

========================================================================
Received Prepare
Registering precompiled user dll's ...
Registered in 0.006449 seconds.
Begin MonoManager ReloadAssembly
Native extension for WindowsStandalone target not found
Refreshing native plugins compatible for Editor in 0.64 ms, found 9 plugins.
Preloading 2 native plugins for Editor in 0.17 ms.
Invoked RoslynAnalysisRunner static constructor.
RoslynAnalysisRunner will not be running.
RoslynAnalysisRunner has terminated.
NullReferenceException: Object reference not set to an instance of an object
  at Unity.XR.Oculus.OculusLoader.AssetPathToAbsolutePath (System.String assetPath) [0x00048] in C:\Users\Kaitl\OneDrive\Documents\HackRealityUnity\HackReality2021Unity\Library\PackageCache\com.unity.xr.oculus@1.8.1\Runtime\OculusLoader.cs:243 
  at Unity.XR.Oculus.OculusLoader.EditorLoadOVRPlugin () [0x0007b] in C:\Users\Kaitl\OneDrive\Documents\HackRealityUnity\HackReality2021Unity\Library\PackageCache\com.unity.xr.oculus@1.8.1\Runtime\OculusLoader.cs:228 

(Filename: Library/PackageCache/com.unity.xr.oculus@1.8.1/Runtime/OculusLoader.cs Line: 243)

Mono: successfully reloaded assembly
- Completed reload, in  0.759 seconds
Platform modules already initialized, skipping
Refreshing native plugins compatible for Editor in 0.59 ms, found 9 plugins.
Preloading 2 native plugins for Editor in 0.13 ms.
Unloading 1773 Unused Serialized files (Serialized files now loaded: 0)
System memory in use before: 83.4 MB.
System memory in use after: 83.5 MB.

Unloading 7 unused Assets to reduce memory usage. Loaded Objects now: 2311.
Total: 2.116100 ms (FindLiveObjects: 0.234700 ms CreateObjectMapping: 0.044400 ms MarkObjects: 1.784800 ms  DeleteObjects: 0.050900 ms)

========================================================================
Received Import Request.
  Time since last request: 965.671253 seconds.
  path: Assets/Left Hand Presence.prefab
  artifactKey: Guid(1d1ed9f8aabf2264bab4607773820b3a) Importer(815301076,1909f56bfc062723c751e8b465ee728b)
Start importing Assets/Left Hand Presence.prefab using Guid(1d1ed9f8aabf2264bab4607773820b3a) Importer(815301076,1909f56bfc062723c751e8b465ee728b)  -> (artifact id: 'b5433a85b610ac993086a5cea62737a0') in 0.031568 seconds
  Import took 0.037999 seconds .

========================================================================
Received Import Request.
  Time since last request: 27.511651 seconds.
  path: Assets/Drumming Objects/DrumSticks/drumStickPrefabNew.prefab
  artifactKey: Guid(7434b0f5d8b636e4c8d9dcb6f764d85b) Importer(815301076,1909f56bfc062723c751e8b465ee728b)
Start importing Assets/Drumming Objects/DrumSticks/drumStickPrefabNew.prefab using Guid(7434b0f5d8b636e4c8d9dcb6f764d85b) Importer(815301076,1909f56bfc062723c751e8b465ee728b)  -> (artifact id: 'c2bad4183788f054833b646d2faa2028') in 0.062626 seconds
  Import took 0.069766 seconds .

========================================================================
Received Import Request.
  Time since last request: 14.943591 seconds.
  path: Assets/Drumming Objects/DrumSticks/drumStickPrefab.prefab
  artifactKey: Guid(7434b0f5d8b636e4c8d9dcb6f764d85b) Importer(815301076,1909f56bfc062723c751e8b465ee728b)
Start importing Assets/Drumming Objects/DrumSticks/drumStickPrefab.prefab using Guid(7434b0f5d8b636e4c8d9dcb6f764d85b) Importer(815301076,1909f56bfc062723c751e8b465ee728b)  -> (artifact id: 'a4acbfd7a374353a0606b21e9338dbf5') in 0.017227 seconds
  Import took 0.023465 seconds .

========================================================================
Received Import Request.
  Time since last request: 4.366521 seconds.
  path: Assets/Left Hand Presence.prefab
  artifactKey: Guid(1d1ed9f8aabf2264bab4607773820b3a) Importer(815301076,1909f56bfc062723c751e8b465ee728b)
Start importing Assets/Left Hand Presence.prefab using Guid(1d1ed9f8aabf2264bab4607773820b3a) Importer(815301076,1909f56bfc062723c751e8b465ee728b)  -> (artifact id: '8790de791d849035a018bf5e54c82170') in 0.011066 seconds
  Import took 0.018484 seconds .

========================================================================
Received Import Request.
  Time since last request: 2.451759 seconds.
  path: Assets/Right Hand Presence.prefab
  artifactKey: Guid(273c740d468e432428dea87d3f12c35a) Importer(815301076,1909f56bfc062723c751e8b465ee728b)
Start importing Assets/Right Hand Presence.prefab using Guid(273c740d468e432428dea87d3f12c35a) Importer(815301076,1909f56bfc062723c751e8b465ee728b)  -> (artifact id: '4ad9f606b69eaedb22d563c172701245') in 0.012117 seconds
  Import took 0.018299 seconds .

========================================================================
Received Prepare
Registering precompiled user dll's ...
Registered in 0.005341 seconds.
Begin MonoManager ReloadAssembly
Native extension for WindowsStandalone target not found
Refreshing native plugins compatible for Editor in 0.59 ms, found 9 plugins.
Preloading 2 native plugins for Editor in 0.15 ms.
Invoked RoslynAnalysisRunner static constructor.
RoslynAnalysisRunner will not be running.
RoslynAnalysisRunner has terminated.
NullReferenceException: Object reference not set to an instance of an object
  at Unity.XR.Oculus.OculusLoader.AssetPathToAbsolutePath (System.String assetPath) [0x00048] in C:\Users\Kaitl\OneDrive\Documents\HackRealityUnity\HackReality2021Unity\Library\PackageCache\com.unity.xr.oculus@1.8.1\Runtime\OculusLoader.cs:243 
  at Unity.XR.Oculus.OculusLoader.EditorLoadOVRPlugin () [0x0007b] in C:\Users\Kaitl\OneDrive\Documents\HackRealityUnity\HackReality2021Unity\Library\PackageCache\com.unity.xr.oculus@1.8.1\Runtime\OculusLoader.cs:228 

(Filename: Library/PackageCache/com.unity.xr.oculus@1.8.1/Runtime/OculusLoader.cs Line: 243)

Mono: successfully reloaded assembly
- Completed reload, in  0.755 seconds
Platform modules already initialized, skipping
Refreshing native plugins compatible for Editor in 0.57 ms, found 9 plugins.
Preloading 2 native plugins for Editor in 0.14 ms.
Unloading 1773 Unused Serialized files (Serialized files now loaded: 0)
System memory in use before: 83.4 MB.
System memory in use after: 83.5 MB.

Unloading 7 unused Assets to reduce memory usage. Loaded Objects now: 2316.
Total: 1.998200 ms (FindLiveObjects: 0.250700 ms CreateObjectMapping: 0.045800 ms MarkObjects: 1.633700 ms  DeleteObjects: 0.066700 ms)

========================================================================
Received Import Request.
  Time since last request: 215.214969 seconds.
  path: ProjectSettings/TagManager.asset
  artifactKey: Guid(00000000000000003000000000000000) Importer(815301076,1909f56bfc062723c751e8b465ee728b)
Start importing ProjectSettings/TagManager.asset using Guid(00000000000000003000000000000000) Importer(815301076,1909f56bfc062723c751e8b465ee728b)  -> (artifact id: '779d5949113fa91bb85f64f090860d93') in 0.019689 seconds
  Import took 0.025290 seconds .

========================================================================
Received Prepare
Registering precompiled user dll's ...
Registered in 0.005630 seconds.
Begin MonoManager ReloadAssembly
Native extension for WindowsStandalone target not found
Refreshing native plugins compatible for Editor in 0.59 ms, found 9 plugins.
Preloading 2 native plugins for Editor in 0.15 ms.
Invoked RoslynAnalysisRunner static constructor.
RoslynAnalysisRunner will not be running.
RoslynAnalysisRunner has terminated.
NullReferenceException: Object reference not set to an instance of an object
  at Unity.XR.Oculus.OculusLoader.AssetPathToAbsolutePath (System.String assetPath) [0x00048] in C:\Users\Kaitl\OneDrive\Documents\HackRealityUnity\HackReality2021Unity\Library\PackageCache\com.unity.xr.oculus@1.8.1\Runtime\OculusLoader.cs:243 
  at Unity.XR.Oculus.OculusLoader.EditorLoadOVRPlugin () [0x0007b] in C:\Users\Kaitl\OneDrive\Documents\HackRealityUnity\HackReality2021Unity\Library\PackageCache\com.unity.xr.oculus@1.8.1\Runtime\OculusLoader.cs:228 

(Filename: Library/PackageCache/com.unity.xr.oculus@1.8.1/Runtime/OculusLoader.cs Line: 243)

Mono: successfully reloaded assembly
- Completed reload, in  0.758 seconds
Platform modules already initialized, skipping
Refreshing native plugins compatible for Editor in 0.64 ms, found 9 plugins.
Preloading 2 native plugins for Editor in 0.15 ms.
Unloading 1773 Unused Serialized files (Serialized files now loaded: 0)
System memory in use before: 83.5 MB.
System memory in use after: 83.6 MB.

Unloading 8 unused Assets to reduce memory usage. Loaded Objects now: 2320.
Total: 1.962600 ms (FindLiveObjects: 0.220100 ms CreateObjectMapping: 0.041800 ms MarkObjects: 1.650700 ms  DeleteObjects: 0.048900 ms)

========================================================================
Received Prepare
Registering precompiled user dll's ...
Registered in 0.006455 seconds.
Begin MonoManager ReloadAssembly
Native extension for WindowsStandalone target not found
Refreshing native plugins compatible for Editor in 0.63 ms, found 9 plugins.
Preloading 2 native plugins for Editor in 0.16 ms.
Invoked RoslynAnalysisRunner static constructor.
RoslynAnalysisRunner will not be running.
RoslynAnalysisRunner has terminated.
NullReferenceException: Object reference not set to an instance of an object
  at Unity.XR.Oculus.OculusLoader.AssetPathToAbsolutePath (System.String assetPath) [0x00048] in C:\Users\Kaitl\OneDrive\Documents\HackRealityUnity\HackReality2021Unity\Library\PackageCache\com.unity.xr.oculus@1.8.1\Runtime\OculusLoader.cs:243 
  at Unity.XR.Oculus.OculusLoader.EditorLoadOVRPlugin () [0x0007b] in C:\Users\Kaitl\OneDrive\Documents\HackRealityUnity\HackReality2021Unity\Library\PackageCache\com.unity.xr.oculus@1.8.1\Runtime\OculusLoader.cs:228 

(Filename: Library/PackageCache/com.unity.xr.oculus@1.8.1/Runtime/OculusLoader.cs Line: 243)

Mono: successfully reloaded assembly
- Completed reload, in  0.813 seconds
Platform modules already initialized, skipping
Refreshing native plugins compatible for Editor in 0.63 ms, found 9 plugins.
Preloading 2 native plugins for Editor in 0.15 ms.
Unloading 1773 Unused Serialized files (Serialized files now loaded: 0)
System memory in use before: 83.5 MB.
System memory in use after: 83.6 MB.

Unloading 7 unused Assets to reduce memory usage. Loaded Objects now: 2324.
Total: 2.067600 ms (FindLiveObjects: 0.222600 ms CreateObjectMapping: 0.041900 ms MarkObjects: 1.745000 ms  DeleteObjects: 0.057000 ms)

========================================================================
Received Import Request.
  Time since last request: 116.049816 seconds.
  path: Assets/Drumming Objects/DrumSticks/drumStickPrefab.prefab
  artifactKey: Guid(7434b0f5d8b636e4c8d9dcb6f764d85b) Importer(815301076,1909f56bfc062723c751e8b465ee728b)
Start importing Assets/Drumming Objects/DrumSticks/drumStickPrefab.prefab using Guid(7434b0f5d8b636e4c8d9dcb6f764d85b) Importer(815301076,1909f56bfc062723c751e8b465ee728b)  -> (artifact id: 'd1a6c06326cb51eae9be43a6152a2992') in 0.067668 seconds
  Import took 0.073095 seconds .

========================================================================
Received Prepare
Registering precompiled user dll's ...
Registered in 0.005517 seconds.
Begin MonoManager ReloadAssembly
Native extension for WindowsStandalone target not found
Refreshing native plugins compatible for Editor in 0.57 ms, found 9 plugins.
Preloading 2 native plugins for Editor in 0.22 ms.
Invoked RoslynAnalysisRunner static constructor.
RoslynAnalysisRunner will not be running.
RoslynAnalysisRunner has terminated.
NullReferenceException: Object reference not set to an instance of an object
  at Unity.XR.Oculus.OculusLoader.AssetPathToAbsolutePath (System.String assetPath) [0x00048] in C:\Users\Kaitl\OneDrive\Documents\HackRealityUnity\HackReality2021Unity\Library\PackageCache\com.unity.xr.oculus@1.8.1\Runtime\OculusLoader.cs:243 
  at Unity.XR.Oculus.OculusLoader.EditorLoadOVRPlugin () [0x0007b] in C:\Users\Kaitl\OneDrive\Documents\HackRealityUnity\HackReality2021Unity\Library\PackageCache\com.unity.xr.oculus@1.8.1\Runtime\OculusLoader.cs:228 

(Filename: Library/PackageCache/com.unity.xr.oculus@1.8.1/Runtime/OculusLoader.cs Line: 243)

Mono: successfully reloaded assembly
- Completed reload, in  0.823 seconds
Platform modules already initialized, skipping
Refreshing native plugins compatible for Editor in 0.74 ms, found 9 plugins.
Preloading 2 native plugins for Editor in 0.15 ms.
Unloading 1773 Unused Serialized files (Serialized files now loaded: 0)
System memory in use before: 83.5 MB.
System memory in use after: 83.6 MB.

Unloading 7 unused Assets to reduce memory usage. Loaded Objects now: 2329.
Total: 2.453700 ms (FindLiveObjects: 0.290100 ms CreateObjectMapping: 0.058600 ms MarkObjects: 1.997500 ms  DeleteObjects: 0.106200 ms)

========================================================================
Received Import Request.
  Time since last request: 302.668005 seconds.
  path: Assets/Audio/Drum-Sticks-Hit-A-www.fesliyanstudios.com.mp3
  artifactKey: Guid(3708064214e9cf54fba4b42d21fe6de9) Importer(815301076,1909f56bfc062723c751e8b465ee728b)
Start importing Assets/Audio/Drum-Sticks-Hit-A-www.fesliyanstudios.com.mp3 using Guid(3708064214e9cf54fba4b42d21fe6de9) Importer(815301076,1909f56bfc062723c751e8b465ee728b)  -> (artifact id: 'cb566f53d3b466f6dd7355014eb550fc') in 0.058363 seconds
  Import took 0.064355 seconds .

========================================================================
Received Import Request.
  Time since last request: 1.031591 seconds.
  path: Assets/Audio/large-room-tom-sound-a-key-01-tPT.wav
  artifactKey: Guid(fd2504256249a114597ae8555a97c43c) Importer(815301076,1909f56bfc062723c751e8b465ee728b)
Start importing Assets/Audio/large-room-tom-sound-a-key-01-tPT.wav using Guid(fd2504256249a114597ae8555a97c43c) Importer(815301076,1909f56bfc062723c751e8b465ee728b)  -> (artifact id: '319f0dbb1c7ee4a5d91e8269eddefb83') in 0.016022 seconds
  Import took 0.026413 seconds .

========================================================================
Received Import Request.
  Time since last request: 16.586941 seconds.
  path: Assets/Audio/Large-Tom-Drum.wav
  artifactKey: Guid(fd2504256249a114597ae8555a97c43c) Importer(815301076,1909f56bfc062723c751e8b465ee728b)
Start importing Assets/Audio/Large-Tom-Drum.wav using Guid(fd2504256249a114597ae8555a97c43c) Importer(815301076,1909f56bfc062723c751e8b465ee728b)  -> (artifact id: 'c4e44906a7ab396f0cf08b844c6a5d0d') in 0.021652 seconds
  Import took 0.027086 seconds .

========================================================================
Received Import Request.
  Time since last request: 10.094700 seconds.
  path: Assets/Audio/Drum-Stick-Collide.mp3
  artifactKey: Guid(3708064214e9cf54fba4b42d21fe6de9) Importer(815301076,1909f56bfc062723c751e8b465ee728b)
Start importing Assets/Audio/Drum-Stick-Collide.mp3 using Guid(3708064214e9cf54fba4b42d21fe6de9) Importer(815301076,1909f56bfc062723c751e8b465ee728b)  -> (artifact id: '11e36279178f624d81faf683c5ddd98f') in 0.015373 seconds
  Import took 0.020147 seconds .

========================================================================
Received Import Request.
  Time since last request: 0.005089 seconds.
  path: Assets/Audio/Drum-Stick-Collide.mp3
  artifactKey: Guid(3708064214e9cf54fba4b42d21fe6de9) Importer(815301076,1909f56bfc062723c751e8b465ee728b)
Start importing Assets/Audio/Drum-Stick-Collide.mp3 using Guid(3708064214e9cf54fba4b42d21fe6de9) Importer(815301076,1909f56bfc062723c751e8b465ee728b)  -> (artifact id: '11e36279178f624d81faf683c5ddd98f') in 0.008947 seconds
  Import took 0.012535 seconds .

========================================================================
Received Import Request.
  Time since last request: 62.077588 seconds.
  path: Assets/Meshes
  artifactKey: Guid(b3dfad290440208448a8264410114d08) Importer(815301076,1909f56bfc062723c751e8b465ee728b)
Start importing Assets/Meshes using Guid(b3dfad290440208448a8264410114d08) Importer(815301076,1909f56bfc062723c751e8b465ee728b)  -> (artifact id: '766cdc4e4753c4d3bdf93f81baead862') in 0.007068 seconds
  Import took 0.011177 seconds .

========================================================================
Received Import Request.
  Time since last request: 7.680955 seconds.
  path: Assets/Meshes/Cymbol_and_kinda_stand.obj
  artifactKey: Guid(3a86b46c81c515444ab93c1bc64eafad) Importer(815301076,1909f56bfc062723c751e8b465ee728b)
Start importing Assets/Meshes/Cymbol_and_kinda_stand.obj using Guid(3a86b46c81c515444ab93c1bc64eafad) Importer(815301076,1909f56bfc062723c751e8b465ee728b)  -> (artifact id: '615a1e124ce7bbdcaab415d6632b1e55') in 0.087936 seconds
  Import took 0.091897 seconds .

========================================================================
Received Import Request.
  Time since last request: 10.414729 seconds.
  path: Assets/VR Controllers Models
  artifactKey: Guid(a910cdc2860452242b79e0bdae8baf59) Importer(815301076,1909f56bfc062723c751e8b465ee728b)
Start importing Assets/VR Controllers Models using Guid(a910cdc2860452242b79e0bdae8baf59) Importer(815301076,1909f56bfc062723c751e8b465ee728b)  -> (artifact id: '58dfe71107d56d87c72de34dcc6dcb28') in 0.007999 seconds
  Import took 0.016726 seconds .

========================================================================
Received Import Request.
  Time since last request: 15.021323 seconds.
  path: Assets/Audio/drums-sharp-hi-hat-hit_C_minor.wav
  artifactKey: Guid(219dcb8606b7ae7428af2442b54cfea9) Importer(815301076,1909f56bfc062723c751e8b465ee728b)
Start importing Assets/Audio/drums-sharp-hi-hat-hit_C_minor.wav using Guid(219dcb8606b7ae7428af2442b54cfea9) Importer(815301076,1909f56bfc062723c751e8b465ee728b)  -> (artifact id: '26c6c8aa1c04a96c7e4e453730bfdf0e') in 0.021597 seconds
  Import took 0.025973 seconds .

========================================================================
Received Import Request.
  Time since last request: 15.541396 seconds.
  path: Assets/Audio/Hi-Hat.wav
  artifactKey: Guid(219dcb8606b7ae7428af2442b54cfea9) Importer(815301076,1909f56bfc062723c751e8b465ee728b)
Start importing Assets/Audio/Hi-Hat.wav using Guid(219dcb8606b7ae7428af2442b54cfea9) Importer(815301076,1909f56bfc062723c751e8b465ee728b)  -> (artifact id: '18ce297ff9e478107ac7780b1dd68aef') in 0.017055 seconds
  Import took 0.021480 seconds .

========================================================================
Received Prepare
Registering precompiled user dll's ...
Registered in 0.008046 seconds.
Begin MonoManager ReloadAssembly
Native extension for WindowsStandalone target not found
Refreshing native plugins compatible for Editor in 0.56 ms, found 9 plugins.
Preloading 2 native plugins for Editor in 0.16 ms.
Invoked RoslynAnalysisRunner static constructor.
RoslynAnalysisRunner will not be running.
RoslynAnalysisRunner has terminated.
NullReferenceException: Object reference not set to an instance of an object
  at Unity.XR.Oculus.OculusLoader.AssetPathToAbsolutePath (System.String assetPath) [0x00048] in C:\Users\Kaitl\OneDrive\Documents\HackRealityUnity\HackReality2021Unity\Library\PackageCache\com.unity.xr.oculus@1.8.1\Runtime\OculusLoader.cs:243 
  at Unity.XR.Oculus.OculusLoader.EditorLoadOVRPlugin () [0x0007b] in C:\Users\Kaitl\OneDrive\Documents\HackRealityUnity\HackReality2021Unity\Library\PackageCache\com.unity.xr.oculus@1.8.1\Runtime\OculusLoader.cs:228 

(Filename: Library/PackageCache/com.unity.xr.oculus@1.8.1/Runtime/OculusLoader.cs Line: 243)

Mono: successfully reloaded assembly
- Completed reload, in  0.758 seconds
Platform modules already initialized, skipping
Refreshing native plugins compatible for Editor in 0.58 ms, found 9 plugins.
Preloading 2 native plugins for Editor in 0.14 ms.
Unloading 1773 Unused Serialized files (Serialized files now loaded: 0)
System memory in use before: 83.9 MB.
System memory in use after: 84.0 MB.

Unloading 7 unused Assets to reduce memory usage. Loaded Objects now: 2370.
Total: 3.259900 ms (FindLiveObjects: 0.294800 ms CreateObjectMapping: 0.041200 ms MarkObjects: 2.857000 ms  DeleteObjects: 0.065300 ms)

========================================================================
Received Import Request.
  Time since last request: 282.378422 seconds.
  path: Assets/Drumming Objects/Cymbols
  artifactKey: Guid(d86971df766c16a4493a9e6d0968b6f3) Importer(815301076,1909f56bfc062723c751e8b465ee728b)
Start importing Assets/Drumming Objects/Cymbols using Guid(d86971df766c16a4493a9e6d0968b6f3) Importer(815301076,1909f56bfc062723c751e8b465ee728b)  -> (artifact id: '7736471206be22e4cb381fe8bd5df7b8') in 0.009694 seconds
  Import took 0.016558 seconds .

========================================================================
Received Import Request.
  Time since last request: 4.752777 seconds.
  path: Assets/Drumming Objects/Cymbols/CymbolPrefab.prefab
  artifactKey: Guid(9b5ca860f45c43f4789dff86164a0fe3) Importer(815301076,1909f56bfc062723c751e8b465ee728b)
Start importing Assets/Drumming Objects/Cymbols/CymbolPrefab.prefab using Guid(9b5ca860f45c43f4789dff86164a0fe3) Importer(815301076,1909f56bfc062723c751e8b465ee728b)  -> (artifact id: 'cdf4f1a9a763cd9e6534cdc8298e54de') in 0.053846 seconds
  Import took 0.059128 seconds .

========================================================================
Received Import Request.
  Time since last request: 2.693423 seconds.
  path: Assets/Materials
  artifactKey: Guid(ba3bfeef951f4d643b8f54d79d65823d) Importer(815301076,1909f56bfc062723c751e8b465ee728b)
Start importing Assets/Materials using Guid(ba3bfeef951f4d643b8f54d79d65823d) Importer(815301076,1909f56bfc062723c751e8b465ee728b)  -> (artifact id: '6b2e5691b912fc9db7125d78d8c2675d') in 0.007324 seconds
  Import took 0.011948 seconds .

========================================================================
Received Import Request.
  Time since last request: 19.315070 seconds.
  path: Assets/Drumming Objects/Cymbols/CymbolPrefab.prefab
  artifactKey: Guid(9b5ca860f45c43f4789dff86164a0fe3) Importer(815301076,1909f56bfc062723c751e8b465ee728b)
Start importing Assets/Drumming Objects/Cymbols/CymbolPrefab.prefab using Guid(9b5ca860f45c43f4789dff86164a0fe3) Importer(815301076,1909f56bfc062723c751e8b465ee728b)  -> (artifact id: '785533bf55809ddce9ff3f61cc0576e2') in 0.016793 seconds
  Import took 0.021954 seconds .

========================================================================
Received Import Request.
  Time since last request: 4.886813 seconds.
  path: Assets/Drumming Objects/Cymbols/CymbolPrefab.prefab
  artifactKey: Guid(9b5ca860f45c43f4789dff86164a0fe3) Importer(815301076,1909f56bfc062723c751e8b465ee728b)
Start importing Assets/Drumming Objects/Cymbols/CymbolPrefab.prefab using Guid(9b5ca860f45c43f4789dff86164a0fe3) Importer(815301076,1909f56bfc062723c751e8b465ee728b)  -> (artifact id: 'a00b5e9f6abe843f39b1cf6bbf42368b') in 0.014809 seconds
  Import took 0.020352 seconds .

========================================================================
Received Import Request.
  Time since last request: 0.001026 seconds.
  path: Assets/Drumming Objects/Cymbols/CymbolPrefab.prefab
  artifactKey: Guid(9b5ca860f45c43f4789dff86164a0fe3) Importer(815301076,1909f56bfc062723c751e8b465ee728b)
Start importing Assets/Drumming Objects/Cymbols/CymbolPrefab.prefab using Guid(9b5ca860f45c43f4789dff86164a0fe3) Importer(815301076,1909f56bfc062723c751e8b465ee728b)  -> (artifact id: 'a00b5e9f6abe843f39b1cf6bbf42368b') in 0.010023 seconds
  Import took 0.015050 seconds .

========================================================================
Received Import Request.
  Time since last request: 4.078298 seconds.
  path: Assets/Drumming Objects/Cymbols/CymbolPrefab.prefab
  artifactKey: Guid(9b5ca860f45c43f4789dff86164a0fe3) Importer(815301076,1909f56bfc062723c751e8b465ee728b)
Start importing Assets/Drumming Objects/Cymbols/CymbolPrefab.prefab using Guid(9b5ca860f45c43f4789dff86164a0fe3) Importer(815301076,1909f56bfc062723c751e8b465ee728b)  -> (artifact id: '439725d2114c2f7a32194db7c5a60fa7') in 0.016260 seconds
  Import took 0.022242 seconds .

========================================================================
Received Import Request.
  Time since last request: 13.561145 seconds.
  path: Assets/Drumming Objects/Cymbols/CymbolPrefab.prefab
  artifactKey: Guid(9b5ca860f45c43f4789dff86164a0fe3) Importer(815301076,1909f56bfc062723c751e8b465ee728b)
Start importing Assets/Drumming Objects/Cymbols/CymbolPrefab.prefab using Guid(9b5ca860f45c43f4789dff86164a0fe3) Importer(815301076,1909f56bfc062723c751e8b465ee728b)  -> (artifact id: '4d81181952a60df7c0b8a0df9be072ed') in 0.014959 seconds
  Import took 0.020124 seconds .

========================================================================
Received Import Request.
  Time since last request: 6.506901 seconds.
  path: Assets/Drumming Objects/Cymbols/CymbolPrefab.prefab
  artifactKey: Guid(9b5ca860f45c43f4789dff86164a0fe3) Importer(815301076,1909f56bfc062723c751e8b465ee728b)
Start importing Assets/Drumming Objects/Cymbols/CymbolPrefab.prefab using Guid(9b5ca860f45c43f4789dff86164a0fe3) Importer(815301076,1909f56bfc062723c751e8b465ee728b)  -> (artifact id: 'd2533a6a9838ad51ccf67910b92b5db7') in 0.024146 seconds
  Import took 0.029659 seconds .

========================================================================
Received Import Request.
  Time since last request: 14.924200 seconds.
  path: Assets/Drumming Objects/Cymbols/CymbolPrefab.prefab
  artifactKey: Guid(9b5ca860f45c43f4789dff86164a0fe3) Importer(815301076,1909f56bfc062723c751e8b465ee728b)
Start importing Assets/Drumming Objects/Cymbols/CymbolPrefab.prefab using Guid(9b5ca860f45c43f4789dff86164a0fe3) Importer(815301076,1909f56bfc062723c751e8b465ee728b)  -> (artifact id: '6c25f2c3adb5386bf5ffb0f465b53078') in 0.016893 seconds
  Import took 0.022393 seconds .

========================================================================
Received Import Request.
  Time since last request: 22.228880 seconds.
  path: Assets/Drumming Objects/Cymbols/CymbolPrefab.prefab
  artifactKey: Guid(9b5ca860f45c43f4789dff86164a0fe3) Importer(815301076,1909f56bfc062723c751e8b465ee728b)
Start importing Assets/Drumming Objects/Cymbols/CymbolPrefab.prefab using Guid(9b5ca860f45c43f4789dff86164a0fe3) Importer(815301076,1909f56bfc062723c751e8b465ee728b)  -> (artifact id: '897e94a9439894f1ae4db516a14de04e') in 0.022226 seconds
  Import took 0.027744 seconds .

========================================================================
Received Import Request.
  Time since last request: 6.693896 seconds.
  path: Assets/Drumming Objects/Cymbols/CymbolPrefab.prefab
  artifactKey: Guid(9b5ca860f45c43f4789dff86164a0fe3) Importer(815301076,1909f56bfc062723c751e8b465ee728b)
Start importing Assets/Drumming Objects/Cymbols/CymbolPrefab.prefab using Guid(9b5ca860f45c43f4789dff86164a0fe3) Importer(815301076,1909f56bfc062723c751e8b465ee728b)  -> (artifact id: '52996e372217c69565084a10cb86268f') in 0.015787 seconds
  Import took 0.021350 seconds .

========================================================================
Received Import Request.
  Time since last request: 59.610243 seconds.
  path: Assets/Drumming Objects/Cymbols/CymbolPrefab.prefab
  artifactKey: Guid(9b5ca860f45c43f4789dff86164a0fe3) Importer(815301076,1909f56bfc062723c751e8b465ee728b)
Start importing Assets/Drumming Objects/Cymbols/CymbolPrefab.prefab using Guid(9b5ca860f45c43f4789dff86164a0fe3) Importer(815301076,1909f56bfc062723c751e8b465ee728b)  -> (artifact id: 'f45b77b16e20ed68b17a80a8f95e0eed') in 0.015884 seconds
  Import took 0.021433 seconds .

========================================================================
Received Import Request.
  Time since last request: 0.005335 seconds.
  path: Assets/Drumming Objects/Cymbols/CymbolPrefab.prefab
  artifactKey: Guid(9b5ca860f45c43f4789dff86164a0fe3) Importer(815301076,1909f56bfc062723c751e8b465ee728b)
Start importing Assets/Drumming Objects/Cymbols/CymbolPrefab.prefab using Guid(9b5ca860f45c43f4789dff86164a0fe3) Importer(815301076,1909f56bfc062723c751e8b465ee728b)  -> (artifact id: 'f45b77b16e20ed68b17a80a8f95e0eed') in 0.012374 seconds
  Import took 0.017328 seconds .

========================================================================
Received Import Request.
  Time since last request: 4.076952 seconds.
  path: Assets/Drumming Objects/Cymbols/CymbolPrefab.prefab
  artifactKey: Guid(9b5ca860f45c43f4789dff86164a0fe3) Importer(815301076,1909f56bfc062723c751e8b465ee728b)
Start importing Assets/Drumming Objects/Cymbols/CymbolPrefab.prefab using Guid(9b5ca860f45c43f4789dff86164a0fe3) Importer(815301076,1909f56bfc062723c751e8b465ee728b)  -> (artifact id: '82e1c962c6a231583f3f2faf3469e060') in 0.014481 seconds
  Import took 0.019235 seconds .

========================================================================
Received Import Request.
  Time since last request: 1.874346 seconds.
  path: Assets/Drumming Objects/Cymbols/CymbolPrefab.prefab
  artifactKey: Guid(9b5ca860f45c43f4789dff86164a0fe3) Importer(815301076,1909f56bfc062723c751e8b465ee728b)
Start importing Assets/Drumming Objects/Cymbols/CymbolPrefab.prefab using Guid(9b5ca860f45c43f4789dff86164a0fe3) Importer(815301076,1909f56bfc062723c751e8b465ee728b)  -> (artifact id: '6728bafeaa8c0588db29d8761183dc21') in 0.010275 seconds
  Import took 0.015462 seconds .

========================================================================
Received Import Request.
  Time since last request: 0.467645 seconds.
  path: Assets/Drumming Objects/Cymbols/CymbolPrefab.prefab
  artifactKey: Guid(9b5ca860f45c43f4789dff86164a0fe3) Importer(815301076,1909f56bfc062723c751e8b465ee728b)
Start importing Assets/Drumming Objects/Cymbols/CymbolPrefab.prefab using Guid(9b5ca860f45c43f4789dff86164a0fe3) Importer(815301076,1909f56bfc062723c751e8b465ee728b)  -> (artifact id: 'cc0585fd5363cffc4f7a6d146c7f2325') in 0.016756 seconds
  Import took 0.021810 seconds .

========================================================================
Received Import Request.
  Time since last request: 0.457753 seconds.
  path: Assets/Drumming Objects/Cymbols/CymbolPrefab.prefab
  artifactKey: Guid(9b5ca860f45c43f4789dff86164a0fe3) Importer(815301076,1909f56bfc062723c751e8b465ee728b)
Start importing Assets/Drumming Objects/Cymbols/CymbolPrefab.prefab using Guid(9b5ca860f45c43f4789dff86164a0fe3) Importer(815301076,1909f56bfc062723c751e8b465ee728b)  -> (artifact id: 'c6d04857e05aa7e80a6565373c61bf75') in 0.011626 seconds
  Import took 0.017229 seconds .

========================================================================
Received Import Request.
  Time since last request: 0.267305 seconds.
  path: Assets/Drumming Objects/Cymbols/CymbolPrefab.prefab
  artifactKey: Guid(9b5ca860f45c43f4789dff86164a0fe3) Importer(815301076,1909f56bfc062723c751e8b465ee728b)
Start importing Assets/Drumming Objects/Cymbols/CymbolPrefab.prefab using Guid(9b5ca860f45c43f4789dff86164a0fe3) Importer(815301076,1909f56bfc062723c751e8b465ee728b)  -> (artifact id: '0153f93923bd495720bd003aa9fab99c') in 0.008923 seconds
  Import took 0.013883 seconds .

========================================================================
Received Import Request.
  Time since last request: 0.675767 seconds.
  path: Assets/Drumming Objects/Cymbols/CymbolPrefab.prefab
  artifactKey: Guid(9b5ca860f45c43f4789dff86164a0fe3) Importer(815301076,1909f56bfc062723c751e8b465ee728b)
Start importing Assets/Drumming Objects/Cymbols/CymbolPrefab.prefab using Guid(9b5ca860f45c43f4789dff86164a0fe3) Importer(815301076,1909f56bfc062723c751e8b465ee728b)  -> (artifact id: 'ae7b60fc124530dbc141067b3e08b266') in 0.008360 seconds
  Import took 0.013074 seconds .

========================================================================
Received Import Request.
  Time since last request: 0.265266 seconds.
  path: Assets/Drumming Objects/Cymbols/CymbolPrefab.prefab
  artifactKey: Guid(9b5ca860f45c43f4789dff86164a0fe3) Importer(815301076,1909f56bfc062723c751e8b465ee728b)
Start importing Assets/Drumming Objects/Cymbols/CymbolPrefab.prefab using Guid(9b5ca860f45c43f4789dff86164a0fe3) Importer(815301076,1909f56bfc062723c751e8b465ee728b)  -> (artifact id: '75f4e15cd1d042d47a954734a13f4002') in 0.008394 seconds
  Import took 0.013157 seconds .

========================================================================
Received Import Request.
  Time since last request: 63.182935 seconds.
  path: Assets/DrumScript.cs
  artifactKey: Guid(7a56052fed68bc948ab9fc9fc94105bf) Importer(815301076,1909f56bfc062723c751e8b465ee728b)
Start importing Assets/DrumScript.cs using Guid(7a56052fed68bc948ab9fc9fc94105bf) Importer(815301076,1909f56bfc062723c751e8b465ee728b)  -> (artifact id: 'dd7c74c3a27cfe0851d18da5ee5ed6f0') in 0.002711 seconds
  Import took 0.008249 seconds .

========================================================================
Received Import Request.
  Time since last request: 10.787327 seconds.
  path: Assets/AudioCollisionScript.cs
  artifactKey: Guid(7a56052fed68bc948ab9fc9fc94105bf) Importer(815301076,1909f56bfc062723c751e8b465ee728b)
Start importing Assets/AudioCollisionScript.cs using Guid(7a56052fed68bc948ab9fc9fc94105bf) Importer(815301076,1909f56bfc062723c751e8b465ee728b)  -> (artifact id: 'f3c2abf25c17ddde996a011f52d326c6') in 0.009370 seconds
  Import took 0.015215 seconds .

========================================================================
Received Import Request.
  Time since last request: 0.008785 seconds.
  path: Assets/AudioCollisionScript.cs
  artifactKey: Guid(7a56052fed68bc948ab9fc9fc94105bf) Importer(815301076,1909f56bfc062723c751e8b465ee728b)
Start importing Assets/AudioCollisionScript.cs using Guid(7a56052fed68bc948ab9fc9fc94105bf) Importer(815301076,1909f56bfc062723c751e8b465ee728b)  -> (artifact id: 'f3c2abf25c17ddde996a011f52d326c6') in 0.003268 seconds
  Import took 0.009343 seconds .

========================================================================
Received Prepare
Registering precompiled user dll's ...
Registered in 0.005746 seconds.
Begin MonoManager ReloadAssembly
Native extension for WindowsStandalone target not found
Refreshing native plugins compatible for Editor in 0.65 ms, found 9 plugins.
Preloading 2 native plugins for Editor in 0.15 ms.
Invoked RoslynAnalysisRunner static constructor.
RoslynAnalysisRunner will not be running.
RoslynAnalysisRunner has terminated.
NullReferenceException: Object reference not set to an instance of an object
  at Unity.XR.Oculus.OculusLoader.AssetPathToAbsolutePath (System.String assetPath) [0x00048] in C:\Users\Kaitl\OneDrive\Documents\HackRealityUnity\HackReality2021Unity\Library\PackageCache\com.unity.xr.oculus@1.8.1\Runtime\OculusLoader.cs:243 
  at Unity.XR.Oculus.OculusLoader.EditorLoadOVRPlugin () [0x0007b] in C:\Users\Kaitl\OneDrive\Documents\HackRealityUnity\HackReality2021Unity\Library\PackageCache\com.unity.xr.oculus@1.8.1\Runtime\OculusLoader.cs:228 

(Filename: Library/PackageCache/com.unity.xr.oculus@1.8.1/Runtime/OculusLoader.cs Line: 243)

Mono: successfully reloaded assembly
- Completed reload, in  0.790 seconds
Platform modules already initialized, skipping
Refreshing native plugins compatible for Editor in 0.62 ms, found 9 plugins.
Preloading 2 native plugins for Editor in 0.17 ms.
Unloading 1773 Unused Serialized files (Serialized files now loaded: 0)
System memory in use before: 84.0 MB.
System memory in use after: 84.0 MB.

Unloading 7 unused Assets to reduce memory usage. Loaded Objects now: 2375.
Total: 2.228700 ms (FindLiveObjects: 0.293600 ms CreateObjectMapping: 0.043700 ms MarkObjects: 1.844400 ms  DeleteObjects: 0.046000 ms)

========================================================================
Received Prepare
Registering precompiled user dll's ...
Registered in 0.008075 seconds.
Begin MonoManager ReloadAssembly
Native extension for WindowsStandalone target not found
Refreshing native plugins compatible for Editor in 0.56 ms, found 9 plugins.
Preloading 2 native plugins for Editor in 0.15 ms.
Invoked RoslynAnalysisRunner static constructor.
RoslynAnalysisRunner will not be running.
RoslynAnalysisRunner has terminated.
NullReferenceException: Object reference not set to an instance of an object
  at Unity.XR.Oculus.OculusLoader.AssetPathToAbsolutePath (System.String assetPath) [0x00048] in C:\Users\Kaitl\OneDrive\Documents\HackRealityUnity\HackReality2021Unity\Library\PackageCache\com.unity.xr.oculus@1.8.1\Runtime\OculusLoader.cs:243 
  at Unity.XR.Oculus.OculusLoader.EditorLoadOVRPlugin () [0x0007b] in C:\Users\Kaitl\OneDrive\Documents\HackRealityUnity\HackReality2021Unity\Library\PackageCache\com.unity.xr.oculus@1.8.1\Runtime\OculusLoader.cs:228 

(Filename: Library/PackageCache/com.unity.xr.oculus@1.8.1/Runtime/OculusLoader.cs Line: 243)

Mono: successfully reloaded assembly
- Completed reload, in  0.770 seconds
Platform modules already initialized, skipping
Refreshing native plugins compatible for Editor in 0.63 ms, found 9 plugins.
Preloading 2 native plugins for Editor in 0.15 ms.
Unloading 1773 Unused Serialized files (Serialized files now loaded: 0)
System memory in use before: 84.0 MB.
System memory in use after: 84.1 MB.

Unloading 7 unused Assets to reduce memory usage. Loaded Objects now: 2379.
Total: 2.555600 ms (FindLiveObjects: 0.216500 ms CreateObjectMapping: 0.042300 ms MarkObjects: 2.245500 ms  DeleteObjects: 0.049900 ms)

========================================================================
Received Import Request.
  Time since last request: 68.784940 seconds.
  path: Assets/AudioCollisionScript.cs
  artifactKey: Guid(7a56052fed68bc948ab9fc9fc94105bf) Importer(815301076,1909f56bfc062723c751e8b465ee728b)
Start importing Assets/AudioCollisionScript.cs using Guid(7a56052fed68bc948ab9fc9fc94105bf) Importer(815301076,1909f56bfc062723c751e8b465ee728b)  -> (artifact id: '8627846b8e6fca27d2a75ff3f47b3b67') in 0.006013 seconds
  Import took 0.010952 seconds .

========================================================================
Received Prepare
Registering precompiled user dll's ...
Registered in 0.006137 seconds.
Begin MonoManager ReloadAssembly
Native extension for WindowsStandalone target not found
Refreshing native plugins compatible for Editor in 0.62 ms, found 9 plugins.
Preloading 2 native plugins for Editor in 0.16 ms.
Invoked RoslynAnalysisRunner static constructor.
RoslynAnalysisRunner will not be running.
RoslynAnalysisRunner has terminated.
NullReferenceException: Object reference not set to an instance of an object
  at Unity.XR.Oculus.OculusLoader.AssetPathToAbsolutePath (System.String assetPath) [0x00048] in C:\Users\Kaitl\OneDrive\Documents\HackRealityUnity\HackReality2021Unity\Library\PackageCache\com.unity.xr.oculus@1.8.1\Runtime\OculusLoader.cs:243 
  at Unity.XR.Oculus.OculusLoader.EditorLoadOVRPlugin () [0x0007b] in C:\Users\Kaitl\OneDrive\Documents\HackRealityUnity\HackReality2021Unity\Library\PackageCache\com.unity.xr.oculus@1.8.1\Runtime\OculusLoader.cs:228 

(Filename: Library/PackageCache/com.unity.xr.oculus@1.8.1/Runtime/OculusLoader.cs Line: 243)

Mono: successfully reloaded assembly
- Completed reload, in  0.789 seconds
Platform modules already initialized, skipping
Refreshing native plugins compatible for Editor in 0.60 ms, found 9 plugins.
Preloading 2 native plugins for Editor in 0.19 ms.
Unloading 1773 Unused Serialized files (Serialized files now loaded: 0)
System memory in use before: 84.0 MB.
System memory in use after: 84.1 MB.

Unloading 7 unused Assets to reduce memory usage. Loaded Objects now: 2383.
Total: 2.300100 ms (FindLiveObjects: 0.187100 ms CreateObjectMapping: 0.042500 ms MarkObjects: 1.987600 ms  DeleteObjects: 0.081900 ms)

========================================================================
Received Prepare
Registering precompiled user dll's ...
Registered in 0.007858 seconds.
Begin MonoManager ReloadAssembly
Native extension for WindowsStandalone target not found
Refreshing native plugins compatible for Editor in 0.78 ms, found 9 plugins.
Preloading 2 native plugins for Editor in 0.18 ms.
Invoked RoslynAnalysisRunner static constructor.
RoslynAnalysisRunner will not be running.
RoslynAnalysisRunner has terminated.
NullReferenceException: Object reference not set to an instance of an object
  at Unity.XR.Oculus.OculusLoader.AssetPathToAbsolutePath (System.String assetPath) [0x00048] in C:\Users\Kaitl\OneDrive\Documents\HackRealityUnity\HackReality2021Unity\Library\PackageCache\com.unity.xr.oculus@1.8.1\Runtime\OculusLoader.cs:243 
  at Unity.XR.Oculus.OculusLoader.EditorLoadOVRPlugin () [0x0007b] in C:\Users\Kaitl\OneDrive\Documents\HackRealityUnity\HackReality2021Unity\Library\PackageCache\com.unity.xr.oculus@1.8.1\Runtime\OculusLoader.cs:228 

(Filename: Library/PackageCache/com.unity.xr.oculus@1.8.1/Runtime/OculusLoader.cs Line: 243)

Mono: successfully reloaded assembly
- Completed reload, in  0.821 seconds
Platform modules already initialized, skipping
Refreshing native plugins compatible for Editor in 0.62 ms, found 9 plugins.
Preloading 2 native plugins for Editor in 0.13 ms.
Unloading 1773 Unused Serialized files (Serialized files now loaded: 0)
System memory in use before: 84.0 MB.
System memory in use after: 84.1 MB.

Unloading 7 unused Assets to reduce memory usage. Loaded Objects now: 2387.
Total: 2.247100 ms (FindLiveObjects: 0.264300 ms CreateObjectMapping: 0.041200 ms MarkObjects: 1.880300 ms  DeleteObjects: 0.060300 ms)

========================================================================
Received Prepare
Registering precompiled user dll's ...
Registered in 0.005799 seconds.
Begin MonoManager ReloadAssembly
Native extension for WindowsStandalone target not found
Refreshing native plugins compatible for Editor in 1.25 ms, found 9 plugins.
Preloading 2 native plugins for Editor in 0.40 ms.
Invoked RoslynAnalysisRunner static constructor.
RoslynAnalysisRunner will not be running.
RoslynAnalysisRunner has terminated.
NullReferenceException: Object reference not set to an instance of an object
  at Unity.XR.Oculus.OculusLoader.AssetPathToAbsolutePath (System.String assetPath) [0x00048] in C:\Users\Kaitl\OneDrive\Documents\HackRealityUnity\HackReality2021Unity\Library\PackageCache\com.unity.xr.oculus@1.8.1\Runtime\OculusLoader.cs:243 
  at Unity.XR.Oculus.OculusLoader.EditorLoadOVRPlugin () [0x0007b] in C:\Users\Kaitl\OneDrive\Documents\HackRealityUnity\HackReality2021Unity\Library\PackageCache\com.unity.xr.oculus@1.8.1\Runtime\OculusLoader.cs:228 

(Filename: Library/PackageCache/com.unity.xr.oculus@1.8.1/Runtime/OculusLoader.cs Line: 243)

Mono: successfully reloaded assembly
- Completed reload, in  0.777 seconds
Platform modules already initialized, skipping
Refreshing native plugins compatible for Editor in 0.68 ms, found 9 plugins.
Preloading 2 native plugins for Editor in 0.15 ms.
Unloading 1773 Unused Serialized files (Serialized files now loaded: 0)
System memory in use before: 84.0 MB.
System memory in use after: 84.1 MB.

Unloading 7 unused Assets to reduce memory usage. Loaded Objects now: 2391.
Total: 1.952500 ms (FindLiveObjects: 0.227000 ms CreateObjectMapping: 0.042400 ms MarkObjects: 1.635900 ms  DeleteObjects: 0.046300 ms)

========================================================================
Received Prepare
Registering precompiled user dll's ...
Registered in 0.005686 seconds.
Begin MonoManager ReloadAssembly
Native extension for WindowsStandalone target not found
Refreshing native plugins compatible for Editor in 0.57 ms, found 9 plugins.
Preloading 2 native plugins for Editor in 0.15 ms.
Invoked RoslynAnalysisRunner static constructor.
RoslynAnalysisRunner will not be running.
RoslynAnalysisRunner has terminated.
NullReferenceException: Object reference not set to an instance of an object
  at Unity.XR.Oculus.OculusLoader.AssetPathToAbsolutePath (System.String assetPath) [0x00048] in C:\Users\Kaitl\OneDrive\Documents\HackRealityUnity\HackReality2021Unity\Library\PackageCache\com.unity.xr.oculus@1.8.1\Runtime\OculusLoader.cs:243 
  at Unity.XR.Oculus.OculusLoader.EditorLoadOVRPlugin () [0x0007b] in C:\Users\Kaitl\OneDrive\Documents\HackRealityUnity\HackReality2021Unity\Library\PackageCache\com.unity.xr.oculus@1.8.1\Runtime\OculusLoader.cs:228 

(Filename: Library/PackageCache/com.unity.xr.oculus@1.8.1/Runtime/OculusLoader.cs Line: 243)

Mono: successfully reloaded assembly
- Completed reload, in  0.774 seconds
Platform modules already initialized, skipping
Refreshing native plugins compatible for Editor in 0.60 ms, found 9 plugins.
Preloading 2 native plugins for Editor in 0.20 ms.
Unloading 1773 Unused Serialized files (Serialized files now loaded: 0)
System memory in use before: 84.0 MB.
System memory in use after: 84.1 MB.

Unloading 7 unused Assets to reduce memory usage. Loaded Objects now: 2395.
Total: 2.009600 ms (FindLiveObjects: 0.222100 ms CreateObjectMapping: 0.043100 ms MarkObjects: 1.698700 ms  DeleteObjects: 0.044800 ms)

========================================================================
Received Import Request.
  Time since last request: 831.289565 seconds.
  path: Assets/Audio/heavy-rock-tom-3.wav
  artifactKey: Guid(a3162776d06a41344874a0d8e9cda203) Importer(815301076,1909f56bfc062723c751e8b465ee728b)
Start importing Assets/Audio/heavy-rock-tom-3.wav using Guid(a3162776d06a41344874a0d8e9cda203) Importer(815301076,1909f56bfc062723c751e8b465ee728b)  -> (artifact id: '8b70fb94e1317a892d5ea08d67422b3e') in 0.046908 seconds
  Import took 0.051544 seconds .

========================================================================
Received Import Request.
  Time since last request: 0.565291 seconds.
  path: Assets/Audio/heavy-rock-tom-2.wav
  artifactKey: Guid(e4b99cf9567f0034ca830cb425ab95ee) Importer(815301076,1909f56bfc062723c751e8b465ee728b)
Start importing Assets/Audio/heavy-rock-tom-2.wav using Guid(e4b99cf9567f0034ca830cb425ab95ee) Importer(815301076,1909f56bfc062723c751e8b465ee728b)  -> (artifact id: 'bb6f8f45562f203f85bc4b974cd2b95c') in 0.014979 seconds
  Import took 0.019978 seconds .

========================================================================
Received Import Request.
  Time since last request: 1.967393 seconds.
  path: Assets/Audio/heavy-rock-tom.wav
  artifactKey: Guid(7a004bf37d4d23b41a13092e5087725e) Importer(815301076,1909f56bfc062723c751e8b465ee728b)
Start importing Assets/Audio/heavy-rock-tom.wav using Guid(7a004bf37d4d23b41a13092e5087725e) Importer(815301076,1909f56bfc062723c751e8b465ee728b)  -> (artifact id: 'ac48f911a598aedd5a7adb9066eb048b') in 0.015928 seconds
  Import took 0.021067 seconds .

========================================================================
Received Import Request.
  Time since last request: 7.980658 seconds.
  path: Assets/Audio/tom-left.wav
  artifactKey: Guid(7a004bf37d4d23b41a13092e5087725e) Importer(815301076,1909f56bfc062723c751e8b465ee728b)
Start importing Assets/Audio/tom-left.wav using Guid(7a004bf37d4d23b41a13092e5087725e) Importer(815301076,1909f56bfc062723c751e8b465ee728b)  -> (artifact id: '614fda65a8350ce6555e28487a177f1a') in 0.016752 seconds
  Import took 0.022017 seconds .

========================================================================
Received Import Request.
  Time since last request: 0.001925 seconds.
  path: Assets/Audio/tom-left.wav
  artifactKey: Guid(7a004bf37d4d23b41a13092e5087725e) Importer(815301076,1909f56bfc062723c751e8b465ee728b)
Start importing Assets/Audio/tom-left.wav using Guid(7a004bf37d4d23b41a13092e5087725e) Importer(815301076,1909f56bfc062723c751e8b465ee728b)  -> (artifact id: '614fda65a8350ce6555e28487a177f1a') in 0.016936 seconds
  Import took 0.021918 seconds .

========================================================================
Received Import Request.
  Time since last request: 15.355887 seconds.
  path: Assets/Audio/tom-middle.wav
  artifactKey: Guid(e4b99cf9567f0034ca830cb425ab95ee) Importer(815301076,1909f56bfc062723c751e8b465ee728b)
Start importing Assets/Audio/tom-middle.wav using Guid(e4b99cf9567f0034ca830cb425ab95ee) Importer(815301076,1909f56bfc062723c751e8b465ee728b)  -> (artifact id: '8b37537fbae3dfbb03491e4344562a3e') in 0.016420 seconds
  Import took 0.021416 seconds .

========================================================================
Received Import Request.
  Time since last request: 0.007794 seconds.
  path: Assets/Audio/tom-middle.wav
  artifactKey: Guid(e4b99cf9567f0034ca830cb425ab95ee) Importer(815301076,1909f56bfc062723c751e8b465ee728b)
Start importing Assets/Audio/tom-middle.wav using Guid(e4b99cf9567f0034ca830cb425ab95ee) Importer(815301076,1909f56bfc062723c751e8b465ee728b)  -> (artifact id: '8b37537fbae3dfbb03491e4344562a3e') in 0.012493 seconds
  Import took 0.018693 seconds .

========================================================================
Received Import Request.
  Time since last request: 9.514336 seconds.
  path: Assets/Audio/rom-right.wav
  artifactKey: Guid(a3162776d06a41344874a0d8e9cda203) Importer(815301076,1909f56bfc062723c751e8b465ee728b)
Start importing Assets/Audio/rom-right.wav using Guid(a3162776d06a41344874a0d8e9cda203) Importer(815301076,1909f56bfc062723c751e8b465ee728b)  -> (artifact id: '531ae05f7dc7eaeec20598e2811640eb') in 0.034880 seconds
  Import took 0.041040 seconds .

========================================================================
Received Import Request.
  Time since last request: 19.180867 seconds.
  path: Assets/Audio/tom-right.wav
  artifactKey: Guid(a3162776d06a41344874a0d8e9cda203) Importer(815301076,1909f56bfc062723c751e8b465ee728b)
Start importing Assets/Audio/tom-right.wav using Guid(a3162776d06a41344874a0d8e9cda203) Importer(815301076,1909f56bfc062723c751e8b465ee728b)  -> (artifact id: '7c1caee741e4d8d3a2fd522f152356ac') in 0.016689 seconds
  Import took 0.021774 seconds .

========================================================================
Received Prepare
Registering precompiled user dll's ...
Registered in 0.005786 seconds.
Begin MonoManager ReloadAssembly
Native extension for WindowsStandalone target not found
Refreshing native plugins compatible for Editor in 0.58 ms, found 9 plugins.
Preloading 2 native plugins for Editor in 0.15 ms.
Invoked RoslynAnalysisRunner static constructor.
RoslynAnalysisRunner will not be running.
RoslynAnalysisRunner has terminated.
NullReferenceException: Object reference not set to an instance of an object
  at Unity.XR.Oculus.OculusLoader.AssetPathToAbsolutePath (System.String assetPath) [0x00048] in C:\Users\Kaitl\OneDrive\Documents\HackRealityUnity\HackReality2021Unity\Library\PackageCache\com.unity.xr.oculus@1.8.1\Runtime\OculusLoader.cs:243 
  at Unity.XR.Oculus.OculusLoader.EditorLoadOVRPlugin () [0x0007b] in C:\Users\Kaitl\OneDrive\Documents\HackRealityUnity\HackReality2021Unity\Library\PackageCache\com.unity.xr.oculus@1.8.1\Runtime\OculusLoader.cs:228 

(Filename: Library/PackageCache/com.unity.xr.oculus@1.8.1/Runtime/OculusLoader.cs Line: 243)

Mono: successfully reloaded assembly
- Completed reload, in  0.748 seconds
Platform modules already initialized, skipping
Refreshing native plugins compatible for Editor in 0.67 ms, found 9 plugins.
Preloading 2 native plugins for Editor in 0.19 ms.
Unloading 1773 Unused Serialized files (Serialized files now loaded: 0)
System memory in use before: 84.0 MB.
System memory in use after: 84.1 MB.

Unloading 7 unused Assets to reduce memory usage. Loaded Objects now: 2400.
Total: 2.290500 ms (FindLiveObjects: 0.373000 ms CreateObjectMapping: 0.059100 ms MarkObjects: 1.804700 ms  DeleteObjects: 0.052100 ms)

========================================================================
Received Import Request.
  Time since last request: 194.277380 seconds.
  path: Assets/Audio/crash-single-hit-a-key-02-tlS.wav
  artifactKey: Guid(7dd00f96227d4a44fb47c6df85d2191f) Importer(815301076,1909f56bfc062723c751e8b465ee728b)
Start importing Assets/Audio/crash-single-hit-a-key-02-tlS.wav using Guid(7dd00f96227d4a44fb47c6df85d2191f) Importer(815301076,1909f56bfc062723c751e8b465ee728b)  -> (artifact id: '885697861608bd4c6551c771b46919ac') in 0.047182 seconds
  Import took 0.053073 seconds .

========================================================================
Received Import Request.
  Time since last request: 8.665711 seconds.
  path: Assets/Audio/crash-audio.wav
  artifactKey: Guid(7dd00f96227d4a44fb47c6df85d2191f) Importer(815301076,1909f56bfc062723c751e8b465ee728b)
Start importing Assets/Audio/crash-audio.wav using Guid(7dd00f96227d4a44fb47c6df85d2191f) Importer(815301076,1909f56bfc062723c751e8b465ee728b)  -> (artifact id: '1caf34d1a895ffd5a8a12bf83bcea32b') in 0.020203 seconds
  Import took 0.025916 seconds .

========================================================================
Received Prepare
Registering precompiled user dll's ...
Registered in 0.005410 seconds.
Begin MonoManager ReloadAssembly
Native extension for WindowsStandalone target not found
Refreshing native plugins compatible for Editor in 0.60 ms, found 9 plugins.
Preloading 2 native plugins for Editor in 0.17 ms.
Invoked RoslynAnalysisRunner static constructor.
RoslynAnalysisRunner will not be running.
RoslynAnalysisRunner has terminated.
NullReferenceException: Object reference not set to an instance of an object
  at Unity.XR.Oculus.OculusLoader.AssetPathToAbsolutePath (System.String assetPath) [0x00048] in C:\Users\Kaitl\OneDrive\Documents\HackRealityUnity\HackReality2021Unity\Library\PackageCache\com.unity.xr.oculus@1.8.1\Runtime\OculusLoader.cs:243 
  at Unity.XR.Oculus.OculusLoader.EditorLoadOVRPlugin () [0x0007b] in C:\Users\Kaitl\OneDrive\Documents\HackRealityUnity\HackReality2021Unity\Library\PackageCache\com.unity.xr.oculus@1.8.1\Runtime\OculusLoader.cs:228 

(Filename: Library/PackageCache/com.unity.xr.oculus@1.8.1/Runtime/OculusLoader.cs Line: 243)

Mono: successfully reloaded assembly
- Completed reload, in  0.768 seconds
Platform modules already initialized, skipping
Refreshing native plugins compatible for Editor in 0.59 ms, found 9 plugins.
Preloading 2 native plugins for Editor in 0.14 ms.
Unloading 1773 Unused Serialized files (Serialized files now loaded: 0)
System memory in use before: 84.0 MB.
System memory in use after: 84.1 MB.

Unloading 7 unused Assets to reduce memory usage. Loaded Objects now: 2405.
Total: 2.137300 ms (FindLiveObjects: 0.209500 ms CreateObjectMapping: 0.042600 ms MarkObjects: 1.810900 ms  DeleteObjects: 0.073500 ms)

AssetImportWorkerClient::OnTransportError - code=2 error=End of file
